<?xml version="1.0" encoding="UTF-8"?>
<!-- Generated by org.testng.reporters.JUnitReportReporter -->
<testsuite skipped="0" hostname="Anushk" name="com.orange.hrm.testsuit.SuccessStoriesPageTest" tests="1" failures="0" timestamp="14 Apr 2020 16:01:56 GMT" time="31.825" errors="0">
  <testcase name="userShouldNavigateToSuccessStoriePage" time="31.825" classname="com.orange.hrm.testsuit.SuccessStoriesPageTest"/>
</testsuite> <!-- com.orange.hrm.testsuit.SuccessStoriesPageTest -->
